This is pdfTeX, Version 3.14159265-2.6-1.40.17 (TeX Live 2016) (preloaded format=pdflatex 2016.11.13)  28 APR 2017 00:45
entering extended mode
 restricted \write18 enabled.
 file:line:error style messages enabled.
 %&-line parsing enabled.
**umemoria.cls
(./umemoria.cls
LaTeX2e <2016/03/31>
Babel <3.9r> and hyphenation patterns for 83 language(s) loaded.

LaTeX Warning: You have requested package `',
               but the package provides `umemoria'.

Package: umemoria 2012/06/18 v1.2 Clase LaTeX para estandarizacion de Memorias 
U. de Chile

./umemoria.cls:14: LaTeX Error: Missing \begin{document}.

See the LaTeX manual or LaTeX Companion for explanation.
Type  H <return>  for immediate help.
 ...                                              
                                                  
l.14 \newif\if@
               swapnum
? 
./umemoria.cls:14: Emergency stop.
 ...                                              
                                                  
l.14 \newif\if@
               swapnum
You're in trouble here.  Try typing  <return>  to proceed.
If that doesn't work, type  X <return>  to quit.

 
Here is how much of TeX's memory you used:
 10 strings out of 493014
 282 string characters out of 6133350
 53601 words of memory out of 5000000
 3651 multiletter control sequences out of 15000+600000
 3640 words of font info for 14 fonts, out of 8000000 for 9000
 1141 hyphenation exceptions out of 8191
 7i,0n,8p,119b,14s stack positions out of 5000i,500n,10000p,200000b,80000s
./umemoria.cls:14:  ==> Fatal error occurred, no output PDF file produced!
